<?xml version="1.0" encoding="UTF-8"?>
<testsuite name="Pruebas a pantalla de logueo" tests="1" skipped="0" failures="1" errors="0" timestamp="2020-07-23T19:34:44" hostname="DESKTOP-O1OBI75" time="24.807">
  <properties/>
  <testcase name="Logueo exitoso" classname="Pruebas a pantalla de logueo" time="24.807">
    <failure message="java.lang.NullPointerException" type="java.lang.NullPointerException">java.lang.NullPointerException
	at steps.logueoSteps.consulta(logueoSteps.java:47)
	at steps.logueoSteps$$EnhancerByCGLIB$$19d3903b.CGLIB$consulta$0(&lt;generated&gt;)
	at steps.logueoSteps$$EnhancerByCGLIB$$19d3903b$$FastClassByCGLIB$$d6ca69fe.invoke(&lt;generated&gt;)
	at net.sf.cglib.proxy.MethodProxy.invokeSuper(MethodProxy.java:228)
	at net.thucydides.core.steps.StepInterceptor.invokeMethod(StepInterceptor.java:425)
	at net.thucydides.core.steps.StepInterceptor.executeTestStepMethod(StepInterceptor.java:410)
	at net.thucydides.core.steps.StepInterceptor.runTestStep(StepInterceptor.java:385)
	at net.thucydides.core.steps.StepInterceptor.testStepResult(StepInterceptor.java:133)
	at net.thucydides.core.steps.StepInterceptor.intercept(StepInterceptor.java:62)
	at steps.logueoSteps$$EnhancerByCGLIB$$19d3903b.consulta(&lt;generated&gt;)
	at definitions.logueoDefinition.estoy_en_pagina_de_logueo_adminfo(logueoDefinition.java:21)
	at âœ½.Estoy en pagina de logueo adminfo(src/test/resources/logueo.feature:7)
</failure>
  </testcase>
  <system-out><![CDATA[]]></system-out>
  <system-err><![CDATA[log4j:WARN No appenders could be found for logger (utilities.conection).
log4j:WARN Please initialize the log4j system properly.
log4j:WARN See http://logging.apache.org/log4j/1.2/faq.html#noconfig for more info.
]]></system-err>
</testsuite>
