<?xml version="1.0" encoding="UTF-8"?>
<testsuite name="Pruebas a pantalla de logueo" tests="1" skipped="0" failures="0" errors="0" timestamp="2020-09-10T16:48:11" hostname="WS-SOLATIMED14" time="148.749">
  <properties/>
  <testcase name="Logueo exitoso" classname="Pruebas a pantalla de logueo" time="148.749"/>
  <system-out><![CDATA[






















]]></system-out>
  <system-err><![CDATA[sep 10, 2020 11:48:12 AM org.openqa.selenium.remote.DesiredCapabilities chrome
INFORMACIÓN: Using `new ChromeOptions()` is preferred to `DesiredCapabilities.chrome()`
Starting ChromeDriver 85.0.4183.87 (cd6713ebf92fa1cacc0f1a598df280093af0c5d7-refs/branch-heads/4183@{#1689}) on port 46714
Only local connections are allowed.
Please see https://chromedriver.chromium.org/security-considerations for suggestions on keeping ChromeDriver safe.
ChromeDriver was started successfully.
sep 10, 2020 11:48:20 AM org.openqa.selenium.remote.ProtocolHandshake createSession
INFORMACIÓN: Detected dialect: W3C
[Test worker] INFO net.thucydides.core.steps.ConsoleLoggingListener - 
        __    _____ _____ ____ _____   ____   _    ____  ____  _____ ____  
  _     \ \  |_   _| ____/ ___|_   _| |  _ \ / \  / ___|/ ___|| ____|  _ \ 
 (_)_____| |   | | |  _| \___ \ | |   | |_) / _ \ \___ \\___ \|  _| | | | |
  _|_____| |   | | | |___ ___) || |   |  __/ ___ \ ___) |___) | |___| |_| |
 (_)     | |   |_| |_____|____/ |_|   |_| /_/   \_\____/|____/|_____|____/ 
        /_/                                                                

TEST PASSED: Logueo exitoso
----------------------------------------------------------------------------
]]></system-err>
</testsuite>
